TN:
SF:src\controllers\adminInvitation.js
FN:3,(anonymous_0)
FN:12,(anonymous_1)
FNF:2
FNH:0
FNDA:0,(anonymous_0)
FNDA:0,(anonymous_1)
DA:1,1
DA:3,1
DA:4,0
DA:5,0
DA:7,0
DA:9,0
DA:12,1
DA:13,0
DA:15,0
DA:18,1
LF:10
LH:4
BRF:0
BRH:0
end_of_record
TN:
SF:src\controllers\auth.js
FN:18,(anonymous_0)
FN:31,(anonymous_1)
FN:40,(anonymous_2)
FN:52,(anonymous_3)
FN:63,(anonymous_4)
FN:82,(anonymous_5)
FN:91,(anonymous_6)
FNF:7
FNH:3
FNDA:0,(anonymous_0)
FNDA:9,(anonymous_1)
FNDA:0,(anonymous_2)
FNDA:0,(anonymous_3)
FNDA:0,(anonymous_4)
FNDA:1,(anonymous_5)
FNDA:1,(anonymous_6)
DA:1,1
DA:2,1
DA:3,1
DA:6,1
DA:9,1
DA:11,1
DA:18,1
DA:19,0
DA:21,0
DA:22,0
DA:23,0
DA:26,0
DA:27,0
DA:31,1
DA:32,9
DA:33,9
DA:35,9
DA:37,0
DA:40,1
DA:41,0
DA:43,0
DA:45,0
DA:46,0
DA:48,0
DA:50,0
DA:52,1
DA:53,0
DA:55,0
DA:57,0
DA:58,0
DA:60,0
DA:63,1
DA:64,0
DA:66,0
DA:67,0
DA:69,0
DA:72,0
DA:74,0
DA:75,0
DA:77,0
DA:79,0
DA:82,1
DA:83,1
DA:84,1
DA:86,1
DA:88,0
DA:91,1
DA:92,1
DA:93,1
DA:94,1
DA:96,1
DA:98,0
DA:100,1
LF:53
LH:24
BRDA:22,0,0,0
BRDA:22,0,1,0
BRDA:66,1,0,0
BRDA:66,1,1,0
BRF:4
BRH:0
end_of_record
TN:
SF:src\controllers\email.js
FN:3,(anonymous_0)
FNF:1
FNH:0
FNDA:0,(anonymous_0)
DA:1,1
DA:3,1
DA:4,0
DA:5,0
DA:7,0
DA:9,0
DA:12,1
LF:7
LH:3
BRF:0
BRH:0
end_of_record
TN:
SF:src\controllers\offer.js
FN:4,(anonymous_0)
FN:12,(anonymous_1)
FN:20,(anonymous_2)
FN:29,(anonymous_3)
FN:39,(anonymous_4)
FNF:5
FNH:0
FNDA:0,(anonymous_0)
FNDA:0,(anonymous_1)
FNDA:0,(anonymous_2)
FNDA:0,(anonymous_3)
FNDA:0,(anonymous_4)
DA:1,1
DA:2,1
DA:4,1
DA:5,0
DA:7,0
DA:9,0
DA:12,1
DA:13,0
DA:15,0
DA:17,0
DA:20,1
DA:21,0
DA:22,0
DA:24,0
DA:26,0
DA:29,1
DA:30,0
DA:31,0
DA:32,0
DA:34,0
DA:36,0
DA:39,1
DA:40,0
DA:42,0
DA:44,0
DA:47,1
LF:26
LH:8
BRF:0
BRH:0
end_of_record
TN:
SF:src\controllers\question.js
FN:6,(anonymous_0)
FN:23,(anonymous_1)
FN:31,(anonymous_2)
FN:40,(anonymous_3)
FN:49,(anonymous_4)
FNF:5
FNH:0
FNDA:0,(anonymous_0)
FNDA:0,(anonymous_1)
FNDA:0,(anonymous_2)
FNDA:0,(anonymous_3)
FNDA:0,(anonymous_4)
DA:1,1
DA:2,1
DA:3,1
DA:4,1
DA:6,1
DA:7,0
DA:8,0
DA:9,0
DA:11,0
DA:16,0
DA:18,0
DA:20,0
DA:23,1
DA:24,0
DA:26,0
DA:28,0
DA:31,1
DA:32,0
DA:33,0
DA:35,0
DA:37,0
DA:40,1
DA:41,0
DA:42,0
DA:44,0
DA:46,0
DA:49,1
DA:50,0
DA:51,0
DA:52,0
DA:54,0
DA:56,0
DA:59,1
LF:33
LH:10
BRF:0
BRH:0
end_of_record
TN:
SF:src\controllers\resourcesCategory.js
FN:6,(anonymous_0)
FN:15,(anonymous_1)
FN:32,(anonymous_2)
FN:42,(anonymous_3)
FN:52,(anonymous_4)
FNF:5
FNH:0
FNDA:0,(anonymous_0)
FNDA:0,(anonymous_1)
FNDA:0,(anonymous_2)
FNDA:0,(anonymous_3)
FNDA:0,(anonymous_4)
DA:1,1
DA:2,1
DA:3,1
DA:4,1
DA:6,1
DA:7,0
DA:8,0
DA:10,0
DA:12,0
DA:15,1
DA:16,0
DA:17,0
DA:19,0
DA:20,0
DA:22,0
DA:29,0
DA:32,1
DA:33,0
DA:35,0
DA:37,0
DA:39,0
DA:42,1
DA:43,0
DA:44,0
DA:45,0
DA:47,0
DA:49,0
DA:52,1
DA:53,0
DA:55,0
DA:57,0
DA:60,1
LF:32
LH:10
BRF:0
BRH:0
end_of_record
TN:
SF:src\controllers\user.js
FN:5,(anonymous_0)
FN:13,(anonymous_1)
FN:22,(anonymous_2)
FN:34,(anonymous_3)
FN:43,(anonymous_4)
FNF:5
FNH:0
FNDA:0,(anonymous_0)
FNDA:0,(anonymous_1)
FNDA:0,(anonymous_2)
FNDA:0,(anonymous_3)
FNDA:0,(anonymous_4)
DA:1,1
DA:2,1
DA:3,1
DA:5,1
DA:6,0
DA:8,0
DA:10,0
DA:13,1
DA:14,0
DA:15,0
DA:17,0
DA:19,0
DA:22,1
DA:23,0
DA:24,0
DA:25,0
DA:27,0
DA:29,0
DA:31,0
DA:34,1
DA:35,0
DA:36,0
DA:38,0
DA:40,0
DA:43,1
DA:44,0
DA:46,0
DA:48,0
DA:51,1
LF:29
LH:9
BRDA:27,0,0,0
BRDA:27,0,1,0
BRF:2
BRH:0
end_of_record
TN:
SF:src\cron-jobs\checkForLastLogin.js
FN:25,(anonymous_0)
FN:27,(anonymous_1)
FN:32,(anonymous_2)
FNF:3
FNH:0
FNDA:0,(anonymous_0)
FNDA:0,(anonymous_1)
FNDA:0,(anonymous_2)
DA:1,1
DA:2,1
DA:3,1
DA:4,1
DA:5,1
DA:7,1
DA:8,1
DA:9,1
DA:10,1
DA:11,1
DA:25,1
DA:27,1
DA:28,0
DA:29,0
DA:31,0
DA:33,0
DA:34,0
DA:37,0
DA:38,0
DA:39,0
DA:41,0
DA:42,0
DA:48,1
LF:23
LH:13
BRDA:33,0,0,0
BRDA:33,0,1,0
BRDA:38,1,0,0
BRDA:38,1,1,0
BRDA:41,2,0,0
BRDA:41,2,1,0
BRF:6
BRH:0
end_of_record
TN:
SF:src\cron-jobs\removeUnverifiedUsers.js
FN:8,(anonymous_0)
FN:10,(anonymous_1)
FN:17,(anonymous_2)
FN:20,(anonymous_3)
FNF:4
FNH:0
FNDA:0,(anonymous_0)
FNDA:0,(anonymous_1)
FNDA:0,(anonymous_2)
FNDA:0,(anonymous_3)
DA:1,1
DA:2,1
DA:3,1
DA:4,1
DA:6,1
DA:8,1
DA:10,1
DA:11,0
DA:13,0
DA:14,0
DA:17,0
DA:19,0
DA:21,0
DA:23,0
DA:24,0
DA:27,0
DA:29,0
DA:30,0
DA:33,0
DA:34,0
DA:39,1
LF:21
LH:8
BRDA:13,0,0,0
BRDA:13,0,1,0
BRDA:17,1,0,0
BRDA:17,1,1,0
BRDA:23,2,0,0
BRDA:23,2,1,0
BRDA:29,3,0,0
BRDA:29,3,1,0
BRF:8
BRH:0
end_of_record
TN:
SF:src\cron-jobs\scheduledCronJobs.js
FN:4,(anonymous_0)
FNF:1
FNH:0
FNDA:0,(anonymous_0)
DA:1,1
DA:2,1
DA:4,1
DA:5,0
DA:6,0
DA:9,1
LF:6
LH:4
BRF:0
BRH:0
end_of_record
TN:
SF:src\initialization\database.js
FN:10,(anonymous_0)
FN:12,(anonymous_1)
FN:16,(anonymous_2)
FN:22,(anonymous_3)
FNF:4
FNH:4
FNDA:1,(anonymous_0)
FNDA:7,(anonymous_1)
FNDA:1,(anonymous_2)
FNDA:1,(anonymous_3)
DA:1,1
DA:5,1
DA:6,1
DA:8,1
DA:10,1
DA:11,1
DA:12,7
DA:13,1
DA:16,1
DA:17,1
DA:18,1
DA:22,1
DA:23,1
DA:24,1
DA:25,1
DA:26,1
DA:28,0
DA:29,0
DA:33,1
LF:19
LH:17
BRDA:17,0,0,1
BRDA:17,0,1,0
BRF:2
BRH:1
end_of_record
TN:
SF:src\initialization\envSetup.js
FNF:0
FNH:0
DA:1,2
DA:4,2
LF:2
LH:2
BRDA:2,0,0,2
BRDA:2,0,1,0
BRF:2
BRH:1
end_of_record
TN:
SF:src\initialization\initialization.js
FN:17,(anonymous_0)
FN:34,(anonymous_1)
FNF:2
FNH:1
FNDA:1,(anonymous_0)
FNDA:0,(anonymous_1)
DA:1,1
DA:2,1
DA:3,1
DA:7,1
DA:8,1
DA:9,1
DA:10,1
DA:12,1
DA:13,1
DA:14,1
DA:15,1
DA:17,1
DA:18,1
DA:19,1
DA:20,1
DA:21,1
DA:30,1
DA:32,1
DA:34,1
DA:35,0
DA:38,1
DA:41,1
LF:22
LH:21
BRDA:23,0,0,0
BRDA:23,0,1,1
BRF:2
BRH:1
end_of_record
TN:
SF:src\initialization\serverSetup.js
FN:10,(anonymous_0)
FN:17,(anonymous_1)
FNF:2
FNH:1
FNDA:1,(anonymous_0)
FNDA:0,(anonymous_1)
DA:1,1
DA:2,1
DA:3,1
DA:4,1
DA:7,1
DA:8,1
DA:10,1
DA:11,1
DA:12,1
DA:13,1
DA:15,1
DA:16,1
DA:17,0
DA:18,0
DA:19,0
DA:23,1
DA:26,1
LF:17
LH:14
BRDA:16,0,0,0
BRDA:16,0,1,1
BRF:2
BRH:1
end_of_record
TN:
SF:src\logger\logger.js
FNF:0
FNH:0
DA:1,2
DA:2,2
DA:3,2
DA:7,2
DA:9,2
DA:24,2
DA:25,0
DA:36,2
LF:8
LH:7
BRDA:24,0,0,0
BRDA:24,0,1,2
BRF:2
BRH:1
end_of_record
TN:
SF:src\middlewares\appLanguage.js
FN:7,(anonymous_0)
FNF:1
FNH:1
FNDA:11,(anonymous_0)
DA:1,1
DA:2,1
DA:5,1
DA:7,1
DA:8,11
DA:10,11
DA:11,0
DA:14,11
DA:15,11
DA:18,1
LF:10
LH:9
BRDA:10,0,0,0
BRDA:10,0,1,11
BRF:2
BRH:1
end_of_record
TN:
SF:src\middlewares\asyncWrapper.js
FN:1,(anonymous_0)
FN:2,(anonymous_1)
FNF:2
FNH:2
FNDA:30,(anonymous_0)
FNDA:11,(anonymous_1)
DA:1,1
DA:2,30
DA:3,11
DA:4,11
DA:6,11
DA:11,1
LF:6
LH:6
BRF:0
BRH:0
end_of_record
TN:
SF:src\middlewares\auth.js
FN:4,(anonymous_0)
FN:12,(anonymous_1)
FN:13,(anonymous_2)
FNF:3
FNH:1
FNDA:0,(anonymous_0)
FNDA:3,(anonymous_1)
FNDA:0,(anonymous_2)
DA:1,1
DA:2,1
DA:4,1
DA:5,0
DA:6,0
DA:7,0
DA:9,0
DA:12,1
DA:13,3
DA:14,0
DA:15,0
DA:17,0
DA:21,1
LF:13
LH:6
BRDA:5,0,0,0
BRDA:5,0,1,0
BRDA:14,1,0,0
BRDA:14,1,1,0
BRF:4
BRH:0
end_of_record
TN:
SF:src\middlewares\entityValidation.js
FN:4,(anonymous_0)
FN:5,(anonymous_1)
FN:26,(anonymous_2)
FNF:3
FNH:1
FNDA:13,(anonymous_0)
FNDA:0,(anonymous_1)
FNDA:0,(anonymous_2)
DA:1,1
DA:2,1
DA:4,1
DA:5,13
DA:6,0
DA:8,0
DA:10,0
DA:11,0
DA:12,0
DA:14,0
DA:16,0
DA:18,0
DA:22,0
DA:23,0
DA:24,0
DA:25,0
DA:27,0
DA:29,0
DA:30,0
DA:35,0
DA:37,0
DA:39,0
DA:41,0
DA:46,0
DA:47,0
DA:50,0
DA:54,1
LF:27
LH:5
BRDA:10,0,0,0
BRDA:10,0,1,0
BRDA:14,1,0,0
BRDA:14,1,1,0
BRDA:18,2,0,0
BRDA:18,2,1,0
BRDA:18,3,0,0
BRDA:18,3,1,0
BRDA:22,4,0,0
BRDA:22,4,1,0
BRDA:24,5,0,0
BRDA:24,5,1,0
BRDA:29,6,0,0
BRDA:29,6,1,0
BRDA:29,7,0,0
BRDA:29,7,1,0
BRDA:37,8,0,0
BRDA:37,8,1,0
BRDA:41,9,0,0
BRDA:41,9,1,0
BRDA:41,10,0,0
BRDA:41,10,1,0
BRDA:46,11,0,0
BRDA:46,11,1,0
BRF:24
BRH:0
end_of_record
TN:
SF:src\middlewares\error.js
FN:10,(anonymous_0)
FN:15,(anonymous_1)
FN:29,(anonymous_2)
FNF:3
FNH:1
FNDA:18,(anonymous_0)
FNDA:0,(anonymous_1)
FNDA:0,(anonymous_2)
DA:6,1
DA:7,1
DA:8,1
DA:10,1
DA:11,18
DA:12,18
DA:14,18
DA:16,0
DA:17,0
DA:19,0
DA:24,0
DA:30,0
DA:37,18
DA:38,0
DA:39,0
DA:42,18
DA:43,0
DA:50,18
DA:57,1
LF:19
LH:11
BRDA:16,0,0,0
BRDA:16,0,1,0
BRDA:37,1,0,0
BRDA:37,1,1,18
BRDA:42,2,0,0
BRDA:42,2,1,18
BRDA:42,3,0,18
BRDA:42,3,1,7
BRF:8
BRH:4
end_of_record
TN:
SF:src\middlewares\idValidation.js
FN:5,(anonymous_0)
FNF:1
FNH:0
FNDA:0,(anonymous_0)
DA:1,1
DA:2,1
DA:3,1
DA:5,1
DA:6,0
DA:7,0
DA:9,0
DA:12,1
LF:8
LH:5
BRDA:6,0,0,0
BRDA:6,0,1,0
BRF:2
BRH:0
end_of_record
TN:
SF:src\middlewares\validation.js
FN:5,(anonymous_0)
FN:6,(anonymous_1)
FN:12,(anonymous_2)
FN:16,(anonymous_3)
FNF:4
FNH:4
FNDA:4,(anonymous_0)
FNDA:18,(anonymous_1)
FNDA:69,(anonymous_2)
FNDA:240,(anonymous_3)
DA:1,1
DA:2,1
DA:3,1
DA:5,1
DA:6,4
DA:7,18
DA:8,18
DA:9,0
DA:12,18
DA:13,69
DA:14,69
DA:15,68
DA:16,68
DA:17,240
DA:22,11
DA:26,1
LF:16
LH:15
BRDA:8,0,0,0
BRDA:8,0,1,18
BRDA:15,1,0,68
BRDA:15,1,1,0
BRF:4
BRH:2
end_of_record
TN:
SF:src\models\adminInvitation.js
FNF:0
FNH:0
DA:1,1
DA:2,1
DA:4,1
DA:18,1
LF:4
LH:4
BRF:0
BRH:0
end_of_record
TN:
SF:src\models\offer.js
FNF:0
FNH:0
DA:1,1
DA:5,1
DA:6,1
DA:7,1
DA:9,1
DA:75,1
LF:6
LH:6
BRF:0
BRH:0
end_of_record
TN:
SF:src\models\question.js
FNF:0
FNH:0
DA:1,1
DA:4,1
DA:5,1
DA:11,1
DA:13,1
DA:72,1
LF:6
LH:6
BRF:0
BRH:0
end_of_record
TN:
SF:src\models\resourcesCategory.js
FNF:0
FNH:0
DA:1,1
DA:3,1
DA:4,1
DA:6,1
DA:23,1
LF:5
LH:5
BRF:0
BRH:0
end_of_record
TN:
SF:src\models\token.js
FNF:0
FNH:0
DA:1,2
DA:2,2
DA:4,2
DA:24,2
LF:4
LH:4
BRF:0
BRH:0
end_of_record
TN:
SF:src\models\user.js
FN:46,(anonymous_0)
FN:82,(anonymous_1)
FN:89,(anonymous_2)
FN:169,(anonymous_3)
FN:177,(anonymous_4)
FN:189,(anonymous_5)
FN:197,(anonymous_6)
FNF:7
FNH:3
FNDA:8,(anonymous_0)
FNDA:8,(anonymous_1)
FNDA:8,(anonymous_2)
FNDA:0,(anonymous_3)
FNDA:0,(anonymous_4)
FNDA:0,(anonymous_5)
FNDA:0,(anonymous_6)
DA:1,1
DA:4,1
DA:5,1
DA:14,1
DA:16,1
DA:47,8
DA:82,8
DA:89,8
DA:169,0
DA:177,0
DA:189,0
DA:197,0
DA:215,1
LF:13
LH:9
BRDA:215,0,0,1
BRDA:215,0,1,1
BRF:2
BRH:2
end_of_record
TN:
SF:src\routes\adminInvitation.js
FNF:0
FNH:0
DA:1,1
DA:3,1
DA:4,1
DA:6,1
DA:8,1
DA:9,1
DA:11,1
LF:7
LH:7
BRF:0
BRH:0
end_of_record
TN:
SF:src\routes\auth.js
FNF:0
FNH:0
DA:1,1
DA:2,1
DA:3,1
DA:4,1
DA:6,1
DA:7,1
DA:8,1
DA:9,1
DA:10,1
DA:12,1
DA:18,1
DA:19,1
DA:20,1
DA:21,1
DA:27,1
DA:34,1
DA:36,1
LF:17
LH:17
BRF:0
BRH:0
end_of_record
TN:
SF:src\routes\email.js
FNF:0
FNH:0
DA:1,1
DA:3,1
DA:4,1
DA:6,1
DA:8,1
DA:10,1
LF:6
LH:6
BRF:0
BRH:0
end_of_record
TN:
SF:src\routes\index.js
FNF:0
FNH:0
DA:1,1
DA:3,1
DA:4,1
DA:5,1
DA:6,1
DA:7,1
DA:8,1
DA:9,1
DA:11,1
DA:12,1
DA:13,1
DA:14,1
DA:15,1
DA:16,1
DA:17,1
DA:19,1
LF:16
LH:16
BRF:0
BRH:0
end_of_record
TN:
SF:src\routes\offer.js
FNF:0
FNH:0
DA:1,1
DA:3,1
DA:4,1
DA:5,1
DA:6,1
DA:8,1
DA:9,1
DA:11,1
DA:15,1
DA:17,1
DA:19,1
DA:21,1
DA:22,1
DA:23,1
DA:24,1
DA:25,1
DA:27,1
LF:17
LH:17
BRF:0
BRH:0
end_of_record
TN:
SF:src\routes\question.js
FNF:0
FNH:0
DA:1,1
DA:3,1
DA:5,1
DA:6,1
DA:7,1
DA:8,1
DA:9,1
DA:13,1
DA:15,1
DA:16,1
DA:17,1
DA:19,1
DA:20,1
DA:21,1
DA:22,1
DA:23,1
DA:24,1
DA:26,1
LF:18
LH:18
BRF:0
BRH:0
end_of_record
TN:
SF:src\routes\resourcesCategory.js
FNF:0
FNH:0
DA:1,1
DA:3,1
DA:4,1
DA:5,1
DA:6,1
DA:7,1
DA:8,1
DA:12,1
DA:14,1
DA:15,1
DA:17,1
DA:18,1
DA:19,1
DA:20,1
DA:21,1
DA:22,1
DA:23,1
DA:25,1
LF:18
LH:18
BRF:0
BRH:0
end_of_record
TN:
SF:src\routes\user.js
FNF:0
FNH:0
DA:1,1
DA:3,1
DA:4,1
DA:5,1
DA:6,1
DA:8,1
DA:9,1
DA:12,1
DA:14,1
DA:16,1
DA:18,1
DA:20,1
DA:21,1
DA:22,1
DA:24,1
DA:25,1
DA:26,1
DA:28,1
LF:18
LH:18
BRF:0
BRH:0
end_of_record
TN:
SF:src\seed\checkUserExistence.js
FN:8,(anonymous_0)
FNF:1
FNH:1
FNDA:1,(anonymous_0)
DA:1,1
DA:4,1
DA:5,1
DA:6,1
DA:8,1
DA:9,1
DA:10,1
DA:12,1
DA:13,1
DA:16,0
DA:20,1
LF:11
LH:10
BRDA:12,0,0,1
BRDA:12,0,1,0
BRF:2
BRH:1
end_of_record
TN:
SF:src\seed\seedSuperAdmin.js
FN:11,(anonymous_0)
FNF:1
FNH:1
FNDA:1,(anonymous_0)
DA:1,1
DA:4,1
DA:7,1
DA:8,1
DA:10,1
DA:12,1
DA:13,1
DA:23,1
DA:25,0
DA:30,1
LF:10
LH:9
BRF:0
BRH:0
end_of_record
TN:
SF:src\services\adminInvitation.js
FN:6,(anonymous_0)
FN:8,(anonymous_1)
FN:18,(anonymous_2)
FNF:3
FNH:0
FNDA:0,(anonymous_0)
FNDA:0,(anonymous_1)
FNDA:0,(anonymous_2)
DA:1,1
DA:2,1
DA:3,1
DA:5,1
DA:7,0
DA:9,0
DA:11,0
DA:13,0
DA:19,0
DA:23,1
LF:10
LH:5
BRF:0
BRH:0
end_of_record
TN:
SF:src\services\auth.js
FN:23,getOAuthClient
FN:37,(anonymous_1)
FN:55,(anonymous_2)
FN:76,(anonymous_3)
FN:80,(anonymous_4)
FN:94,(anonymous_5)
FN:105,(anonymous_6)
FN:119,(anonymous_7)
FN:129,(anonymous_8)
FNF:9
FNH:5
FNDA:6,getOAuthClient
FNDA:9,(anonymous_1)
FNDA:0,(anonymous_2)
FNDA:0,(anonymous_3)
FNDA:0,(anonymous_4)
FNDA:1,(anonymous_5)
FNDA:1,(anonymous_6)
FNDA:0,(anonymous_7)
FNDA:6,(anonymous_8)
DA:1,2
DA:2,2
DA:3,2
DA:4,2
DA:5,2
DA:14,2
DA:15,2
DA:18,2
DA:20,2
DA:21,2
DA:24,6
DA:30,0
DA:32,6
DA:35,2
DA:38,9
DA:39,9
DA:40,2
DA:43,7
DA:45,7
DA:46,7
DA:47,7
DA:49,0
DA:56,0
DA:57,0
DA:59,0
DA:60,0
DA:62,0
DA:63,0
DA:65,0
DA:66,0
DA:68,0
DA:69,0
DA:72,0
DA:73,0
DA:77,0
DA:81,0
DA:82,0
DA:84,0
DA:86,0
DA:88,0
DA:89,0
DA:91,0
DA:95,1
DA:96,1
DA:98,0
DA:99,0
DA:100,0
DA:102,0
DA:106,1
DA:107,1
DA:109,1
DA:111,0
DA:112,0
DA:114,0
DA:116,0
DA:120,0
DA:121,0
DA:123,0
DA:125,0
DA:126,0
DA:127,0
DA:130,6
DA:133,6
DA:134,6
DA:138,5
DA:139,5
DA:141,1
DA:144,5
DA:145,5
DA:147,4
DA:148,4
DA:149,3
DA:150,3
DA:151,3
DA:153,3
DA:167,4
DA:171,4
DA:175,2
LF:78
LH:42
BRDA:24,0,0,0
BRDA:24,0,1,6
BRDA:25,1,0,6
BRDA:25,1,1,6
BRDA:25,1,2,6
BRDA:25,1,3,6
BRDA:39,2,0,2
BRDA:39,2,1,7
BRDA:55,3,0,0
BRDA:57,4,0,0
BRDA:57,4,1,0
BRDA:59,5,0,0
BRDA:59,5,1,0
BRDA:60,6,0,0
BRDA:60,6,1,0
BRDA:63,7,0,0
BRDA:63,7,1,0
BRDA:68,8,0,0
BRDA:68,8,1,0
BRDA:84,9,0,0
BRDA:84,9,1,0
BRDA:84,10,0,0
BRDA:84,10,1,0
BRDA:96,11,0,1
BRDA:96,11,1,0
BRDA:109,12,0,1
BRDA:109,12,1,0
BRDA:109,13,0,1
BRDA:109,13,1,0
BRDA:123,14,0,0
BRDA:123,14,1,0
BRDA:123,15,0,0
BRDA:123,15,1,0
BRDA:129,16,0,0
BRDA:138,17,0,0
BRDA:138,17,1,5
BRDA:138,18,0,5
BRDA:138,18,1,5
BRDA:144,19,0,5
BRDA:144,19,1,0
BRDA:145,20,0,1
BRDA:145,20,1,4
BRDA:148,21,0,3
BRDA:148,21,1,1
BRDA:149,22,0,3
BRDA:149,22,1,0
BRDA:150,23,0,3
BRDA:150,23,1,0
BRDA:151,24,0,2
BRDA:151,24,1,1
BRDA:167,25,0,4
BRDA:167,25,1,0
BRF:52
BRH:23
end_of_record
TN:
SF:src\services\email.js
FN:13,(anonymous_0)
FNF:1
FNH:1
FNDA:7,(anonymous_0)
DA:1,2
DA:2,2
DA:3,2
DA:6,2
DA:7,2
DA:8,2
DA:10,2
DA:12,2
DA:14,7
DA:16,7
DA:17,0
DA:20,7
DA:22,7
DA:24,0
DA:33,2
LF:15
LH:13
BRDA:13,0,0,0
BRDA:16,1,0,0
BRDA:16,1,1,7
BRF:3
BRH:1
end_of_record
TN:
SF:src\services\offer.js
FN:7,(anonymous_0)
FN:12,(anonymous_1)
FN:34,(anonymous_2)
FN:52,(anonymous_3)
FN:65,(anonymous_4)
FNF:5
FNH:0
FNDA:0,(anonymous_0)
FNDA:0,(anonymous_1)
FNDA:0,(anonymous_2)
FNDA:0,(anonymous_3)
FNDA:0,(anonymous_4)
DA:1,1
DA:3,1
DA:4,1
DA:6,1
DA:8,0
DA:9,0
DA:13,0
DA:25,0
DA:26,0
DA:28,0
DA:31,0
DA:35,0
DA:37,0
DA:53,0
DA:55,0
DA:57,0
DA:58,0
DA:61,0
DA:62,0
DA:66,0
DA:70,1
LF:21
LH:5
BRDA:25,0,0,0
BRDA:25,0,1,0
BRDA:25,1,0,0
BRDA:25,1,1,0
BRF:4
BRH:0
end_of_record
TN:
SF:src\services\question.js
FN:5,(anonymous_0)
FN:19,(anonymous_1)
FN:23,(anonymous_2)
FN:38,(anonymous_3)
FN:50,(anonymous_4)
FNF:5
FNH:0
FNDA:0,(anonymous_0)
FNDA:0,(anonymous_1)
FNDA:0,(anonymous_2)
FNDA:0,(anonymous_3)
FNDA:0,(anonymous_4)
DA:1,1
DA:2,1
DA:4,1
DA:6,0
DA:14,0
DA:16,0
DA:20,0
DA:24,0
DA:26,0
DA:35,0
DA:39,0
DA:41,0
DA:43,0
DA:44,0
DA:47,0
DA:51,0
DA:53,0
DA:55,0
DA:56,0
DA:59,0
DA:60,0
DA:63,0
DA:64,0
DA:68,1
LF:24
LH:4
BRDA:5,0,0,0
BRDA:5,1,0,0
BRDA:43,2,0,0
BRDA:43,2,1,0
BRDA:55,3,0,0
BRDA:55,3,1,0
BRF:6
BRH:0
end_of_record
TN:
SF:src\services\resourcesCategory.js
FN:5,(anonymous_0)
FN:14,(anonymous_1)
FN:25,(anonymous_2)
FN:29,(anonymous_3)
FN:44,(anonymous_4)
FNF:5
FNH:0
FNDA:0,(anonymous_0)
FNDA:0,(anonymous_1)
FNDA:0,(anonymous_2)
FNDA:0,(anonymous_3)
FNDA:0,(anonymous_4)
DA:1,1
DA:2,1
DA:4,1
DA:6,0
DA:8,0
DA:15,0
DA:21,0
DA:23,0
DA:26,0
DA:30,0
DA:32,0
DA:33,0
DA:34,0
DA:37,0
DA:38,0
DA:41,0
DA:45,0
DA:49,1
LF:18
LH:4
BRDA:33,0,0,0
BRDA:33,0,1,0
BRF:2
BRH:0
end_of_record
TN:
SF:src\services\token.js
FN:20,(anonymous_0)
FN:35,(anonymous_1)
FN:41,(anonymous_2)
FN:47,(anonymous_3)
FN:55,(anonymous_4)
FN:59,(anonymous_5)
FN:63,(anonymous_6)
FN:67,(anonymous_7)
FN:71,(anonymous_8)
FN:88,(anonymous_9)
FN:101,(anonymous_10)
FN:105,(anonymous_11)
FN:109,(anonymous_12)
FN:113,(anonymous_13)
FNF:14
FNH:7
FNDA:4,(anonymous_0)
FNDA:1,(anonymous_1)
FNDA:7,(anonymous_2)
FNDA:1,(anonymous_3)
FNDA:0,(anonymous_4)
FNDA:0,(anonymous_5)
FNDA:1,(anonymous_6)
FNDA:0,(anonymous_7)
FNDA:7,(anonymous_8)
FNDA:1,(anonymous_9)
FNDA:0,(anonymous_10)
FNDA:0,(anonymous_11)
FNDA:0,(anonymous_12)
FNDA:0,(anonymous_13)
DA:1,2
DA:2,2
DA:14,2
DA:15,2
DA:16,2
DA:17,2
DA:19,2
DA:21,4
DA:25,4
DA:29,4
DA:36,1
DA:42,7
DA:48,1
DA:49,1
DA:51,1
DA:56,0
DA:60,0
DA:64,1
DA:68,0
DA:72,7
DA:73,0
DA:76,7
DA:78,7
DA:79,7
DA:80,7
DA:82,0
DA:84,7
DA:89,1
DA:90,0
DA:93,1
DA:94,1
DA:95,1
DA:97,0
DA:102,0
DA:106,0
DA:110,0
DA:114,0
DA:118,2
LF:38
LH:27
BRDA:72,0,0,0
BRDA:72,0,1,7
BRDA:89,1,0,0
BRDA:89,1,1,1
BRF:4
BRH:2
end_of_record
TN:
SF:src\services\user.js
FN:9,(anonymous_0)
FN:26,(anonymous_1)
FN:33,(anonymous_2)
FN:46,(anonymous_3)
FN:65,(anonymous_4)
FN:73,(anonymous_5)
FN:87,(anonymous_6)
FN:101,(anonymous_7)
FNF:8
FNH:2
FNDA:0,(anonymous_0)
FNDA:0,(anonymous_1)
FNDA:17,(anonymous_2)
FNDA:7,(anonymous_3)
FNDA:0,(anonymous_4)
FNDA:0,(anonymous_5)
FNDA:0,(anonymous_6)
FNDA:0,(anonymous_7)
DA:1,2
DA:2,2
DA:4,2
DA:5,2
DA:6,2
DA:8,2
DA:10,0
DA:12,0
DA:20,0
DA:27,0
DA:34,17
DA:39,17
DA:40,15
DA:43,2
DA:47,7
DA:49,7
DA:50,0
DA:53,7
DA:66,0
DA:68,0
DA:69,0
DA:74,0
DA:76,0
DA:78,0
DA:79,0
DA:82,0
DA:84,0
DA:88,0
DA:90,0
DA:91,0
DA:94,0
DA:96,0
DA:97,0
DA:102,0
DA:106,2
LF:35
LH:14
BRDA:27,0,0,0
BRDA:27,0,1,0
BRDA:39,1,0,15
BRDA:39,1,1,2
BRDA:46,2,0,7
BRDA:49,3,0,0
BRDA:49,3,1,7
BRDA:68,4,0,0
BRDA:68,4,1,0
BRDA:78,5,0,0
BRDA:78,5,1,0
BRDA:96,6,0,0
BRDA:96,6,1,0
BRF:13
BRH:4
end_of_record
TN:
SF:src\utils\cryptHelper.js
FN:4,(anonymous_0)
FN:6,(anonymous_1)
FNF:2
FNH:1
FNDA:7,(anonymous_0)
FNDA:0,(anonymous_1)
DA:1,1
DA:2,1
DA:4,7
DA:6,1
DA:8,1
LF:5
LH:5
BRF:0
BRH:0
end_of_record
TN:
SF:src\utils\errorsHelper.js
FN:3,(anonymous_0)
FN:11,(anonymous_1)
FN:15,(anonymous_2)
FN:19,(anonymous_3)
FN:23,(anonymous_4)
FNF:5
FNH:1
FNDA:11,(anonymous_0)
FNDA:0,(anonymous_1)
FNDA:0,(anonymous_2)
FNDA:0,(anonymous_3)
FNDA:0,(anonymous_4)
DA:1,2
DA:3,2
DA:4,11
DA:5,11
DA:6,11
DA:8,11
DA:11,2
DA:12,0
DA:15,2
DA:16,0
DA:19,2
DA:20,0
DA:23,2
DA:24,0
DA:27,2
LF:15
LH:11
BRF:0
BRH:0
end_of_record
TN:
SF:src\utils\filterAllowedFields.js
FN:1,(anonymous_0)
FNF:1
FNH:0
FNDA:0,(anonymous_0)
DA:1,2
DA:2,0
DA:3,0
DA:4,0
DA:5,0
DA:8,0
DA:11,2
LF:7
LH:2
BRDA:4,0,0,0
BRDA:4,0,1,0
BRF:2
BRH:0
end_of_record
TN:
SF:src\utils\getCategoriesOption.js
FN:1,(anonymous_0)
FN:3,(anonymous_1)
FNF:2
FNH:0
FNDA:0,(anonymous_0)
FNDA:0,(anonymous_1)
DA:1,1
DA:2,0
DA:3,0
DA:5,0
DA:8,1
LF:5
LH:2
BRDA:2,0,0,0
BRDA:2,0,1,0
BRDA:3,1,0,0
BRDA:3,1,1,0
BRF:4
BRH:0
end_of_record
TN:
SF:src\utils\getMatchOptions.js
FN:1,(anonymous_0)
FNF:1
FNH:0
FNDA:0,(anonymous_0)
DA:1,1
DA:2,0
DA:4,0
DA:5,0
DA:6,0
DA:10,0
DA:13,1
LF:7
LH:2
BRDA:5,0,0,0
BRDA:5,0,1,0
BRF:2
BRH:0
end_of_record
TN:
SF:src\utils\getRegex.js
FN:1,(anonymous_0)
FNF:1
FNH:0
FNDA:0,(anonymous_0)
DA:1,1
DA:5,1
LF:2
LH:2
BRDA:1,0,0,0
BRDA:2,1,0,0
BRDA:2,1,1,0
BRF:3
BRH:0
end_of_record
TN:
SF:src\utils\getSortOptions.js
FN:1,(anonymous_0)
FNF:1
FNH:0
FNDA:0,(anonymous_0)
DA:1,1
DA:2,0
DA:3,0
DA:4,0
DA:6,0
DA:10,1
LF:6
LH:2
BRDA:4,0,0,0
BRDA:4,0,1,0
BRDA:4,1,0,0
BRDA:4,1,1,0
BRF:4
BRH:0
end_of_record
TN:
SF:src\utils\getUniqueFields.js
FN:1,(anonymous_0)
FNF:1
FNH:0
FNDA:0,(anonymous_0)
DA:1,1
DA:2,0
DA:4,0
DA:6,0
DA:9,1
LF:5
LH:2
BRF:0
BRH:0
end_of_record
TN:
SF:src\utils\mailer.js
FN:12,(anonymous_0)
FN:26,(anonymous_1)
FN:48,(anonymous_2)
FNF:3
FNH:0
FNDA:0,(anonymous_0)
FNDA:0,(anonymous_1)
FNDA:0,(anonymous_2)
DA:1,2
DA:2,2
DA:3,2
DA:6,2
DA:7,2
DA:8,2
DA:10,2
DA:12,2
DA:13,0
DA:14,0
DA:16,0
DA:17,0
DA:19,0
DA:21,0
DA:22,0
DA:26,2
DA:27,0
DA:28,0
DA:29,0
DA:42,0
DA:44,0
DA:48,2
DA:49,0
DA:50,0
DA:51,0
DA:52,0
DA:53,0
DA:55,0
DA:57,0
DA:58,0
DA:62,2
LF:31
LH:11
BRF:0
BRH:0
end_of_record
TN:
SF:src\utils\tokenValidation.js
FN:4,(anonymous_0)
FNF:1
FNH:0
FNDA:0,(anonymous_0)
DA:1,1
DA:2,1
DA:4,1
DA:5,0
DA:6,0
DA:9,0
DA:10,0
DA:11,0
DA:14,0
DA:17,1
LF:10
LH:4
BRDA:5,0,0,0
BRDA:5,0,1,0
BRDA:10,1,0,0
BRDA:10,1,1,0
BRF:4
BRH:0
end_of_record
TN:
SF:src\utils\validationHelper.js
FN:10,(anonymous_0)
FN:16,(anonymous_1)
FN:22,(anonymous_2)
FN:28,(anonymous_3)
FN:34,(anonymous_4)
FN:35,(anonymous_5)
FNF:6
FNH:6
FNDA:136,(anonymous_0)
FNDA:68,(anonymous_1)
FNDA:40,(anonymous_2)
FNDA:53,(anonymous_3)
FNDA:12,(anonymous_4)
FNDA:15,(anonymous_5)
DA:7,1
DA:8,1
DA:10,1
DA:11,136
DA:12,1
DA:16,1
DA:17,68
DA:18,1
DA:22,1
DA:23,40
DA:24,2
DA:28,1
DA:29,53
DA:30,2
DA:34,1
DA:35,15
DA:36,12
DA:37,1
DA:41,1
DA:49,1
LF:20
LH:20
BRDA:11,0,0,1
BRDA:11,0,1,135
BRDA:11,1,0,136
BRDA:11,1,1,136
BRDA:17,2,0,1
BRDA:17,2,1,67
BRDA:23,3,0,2
BRDA:23,3,1,38
BRDA:23,4,0,40
BRDA:23,4,1,39
BRDA:29,5,0,2
BRDA:29,5,1,51
BRDA:36,6,0,1
BRDA:36,6,1,11
BRF:14
BRH:14
end_of_record
TN:
SF:src\utils\offers\offerAggregateOptions.js
FN:4,(anonymous_0)
FNF:1
FNH:0
FNDA:0,(anonymous_0)
DA:1,1
DA:2,1
DA:4,1
DA:19,0
DA:20,0
DA:22,0
DA:24,0
DA:25,0
DA:26,0
DA:27,0
DA:29,0
DA:36,0
DA:39,0
DA:40,0
DA:43,0
DA:44,0
DA:47,0
DA:48,0
DA:51,0
DA:52,0
DA:53,0
DA:56,0
DA:57,0
DA:60,0
DA:61,0
DA:64,0
DA:65,0
DA:68,0
DA:69,0
DA:72,0
DA:73,0
DA:76,0
DA:77,0
DA:80,0
DA:82,0
DA:83,0
DA:84,0
DA:85,0
DA:86,0
DA:87,0
DA:89,0
DA:90,0
DA:91,0
DA:92,0
DA:93,0
DA:94,0
DA:95,0
DA:97,0
DA:103,0
DA:156,1
LF:50
LH:4
BRDA:15,0,0,0
BRDA:17,1,0,0
BRDA:18,2,0,0
BRDA:24,3,0,0
BRDA:24,3,1,0
BRDA:29,4,0,0
BRDA:29,4,1,0
BRDA:39,5,0,0
BRDA:39,5,1,0
BRDA:43,6,0,0
BRDA:43,6,1,0
BRDA:47,7,0,0
BRDA:47,7,1,0
BRDA:51,8,0,0
BRDA:51,8,1,0
BRDA:56,9,0,0
BRDA:56,9,1,0
BRDA:60,10,0,0
BRDA:60,10,1,0
BRDA:64,11,0,0
BRDA:64,11,1,0
BRDA:68,12,0,0
BRDA:68,12,1,0
BRDA:72,13,0,0
BRDA:72,13,1,0
BRDA:76,14,0,0
BRDA:76,14,1,0
BRDA:82,15,0,0
BRDA:82,15,1,0
BRDA:86,16,0,0
BRDA:86,16,1,0
BRDA:89,17,0,0
BRDA:89,17,1,0
BRDA:90,18,0,0
BRDA:90,18,1,0
BRDA:92,19,0,0
BRDA:92,19,1,0
BRDA:94,20,0,0
BRDA:94,20,1,0
BRF:39
BRH:0
end_of_record
TN:
SF:src\utils\users\createAggregateOptions.js
FN:3,(anonymous_0)
FN:8,(anonymous_1)
FN:11,(anonymous_2)
FNF:3
FNH:0
FNDA:0,(anonymous_0)
FNDA:0,(anonymous_1)
FNDA:0,(anonymous_2)
DA:1,1
DA:3,1
DA:4,0
DA:5,0
DA:7,0
DA:8,0
DA:11,1
DA:23,0
DA:24,0
DA:25,0
DA:26,0
DA:27,0
DA:28,0
DA:30,0
DA:37,0
DA:44,0
DA:45,0
DA:48,0
DA:49,0
DA:51,0
DA:52,0
DA:55,0
DA:56,0
DA:60,0
DA:61,0
DA:64,0
DA:66,0
DA:71,0
DA:73,0
DA:81,1
LF:30
LH:4
BRDA:4,0,0,0
BRDA:4,0,1,0
BRDA:7,1,0,0
BRDA:7,1,1,0
BRDA:16,2,0,0
BRDA:17,3,0,0
BRDA:18,4,0,0
BRDA:20,5,0,0
BRDA:21,6,0,0
BRDA:22,7,0,0
BRDA:44,8,0,0
BRDA:44,8,1,0
BRDA:48,9,0,0
BRDA:48,9,1,0
BRDA:48,10,0,0
BRDA:48,10,1,0
BRDA:51,11,0,0
BRDA:51,11,1,0
BRDA:55,12,0,0
BRDA:55,12,1,0
BRDA:60,13,0,0
BRDA:60,13,1,0
BRDA:60,14,0,0
BRDA:60,14,1,0
BRDA:64,15,0,0
BRDA:64,15,1,0
BRDA:71,16,0,0
BRDA:71,16,1,0
BRF:28
BRH:0
end_of_record
TN:
SF:src\validation\schemas\forgotPassword.js
FNF:0
FNH:0
DA:3,1
DA:5,1
DA:13,1
LF:3
LH:3
BRF:0
BRH:0
end_of_record
TN:
SF:src\validation\schemas\login.js
FNF:0
FNH:0
DA:1,1
DA:12,1
LF:2
LH:2
BRF:0
BRH:0
end_of_record
TN:
SF:src\validation\schemas\resetPassword.js
FNF:0
FNH:0
DA:4,1
DA:6,1
DA:18,1
LF:3
LH:3
BRF:0
BRH:0
end_of_record
TN:
SF:src\validation\schemas\signup.js
FNF:0
FNH:0
DA:5,1
DA:7,1
DA:47,1
LF:3
LH:3
BRF:0
BRH:0
end_of_record
TN:
SF:src\validation\services\offer.js
FNF:0
FNH:0
DA:1,1
DA:13,1
LF:2
LH:2
BRF:0
BRH:0
end_of_record
TN:
SF:src\validation\services\user.js
FNF:0
FNH:0
DA:1,2
DA:16,2
LF:2
LH:2
BRF:0
BRH:0
end_of_record
